Using pre-set license
Built from '2021.1/staging' branch; Version is '2021.1.5f1 (3737af19df53) revision 3618735'; Using compiler version '192528614'; Build Type 'Release'
OS: 'Windows 10 Home; OS build 22000.493; Version 2009; 64bit' Language: 'ko' Physical Memory: 15776 MB
BatchMode: 1, IsHumanControllingUs: 0, StartBugReporterOnCrash: 0, Is64bit: 1, IsPro: 0

 COMMAND LINE ARGUMENTS:
C:\Program Files\Unity\Hub\Editor\2021.1.5f1\Editor\Unity.exe
-adb2
-batchMode
-noUpm
-name
AssetImportWorker1
-projectPath
C:/Users/joohs/Desktop/UnityProjects/2D_Platformer
-logFile
Logs/AssetImportWorker1.log
-srvPort
55971
Successfully changed project path to: C:/Users/joohs/Desktop/UnityProjects/2D_Platformer
C:/Users/joohs/Desktop/UnityProjects/2D_Platformer
Using Asset Import Pipeline V2.
Refreshing native plugins compatible for Editor in 73.19 ms, found 2 plugins.
Preloading 0 native plugins for Editor in 0.00 ms.
Initialize engine version: 2021.1.5f1 (3737af19df53)
[Subsystems] Discovering subsystems at path C:/Program Files/Unity/Hub/Editor/2021.1.5f1/Editor/Data/Resources/UnitySubsystems
[Subsystems] Discovering subsystems at path C:/Users/joohs/Desktop/UnityProjects/2D_Platformer/Assets
GfxDevice: creating device client; threaded=0; jobified=0
Direct3D:
    Version:  Direct3D 11.0 [level 11.1]
    Renderer: NVIDIA GeForce RTX 3050 Ti Laptop GPU (ID=0x25a0)
    Vendor:   NVIDIA
    VRAM:     3990 MB
    Driver:   30.0.15.1165
Initialize mono
Mono path[0] = 'C:/Program Files/Unity/Hub/Editor/2021.1.5f1/Editor/Data/Managed'
Mono path[1] = 'C:/Program Files/Unity/Hub/Editor/2021.1.5f1/Editor/Data/MonoBleedingEdge/lib/mono/unityjit'
Mono config path = 'C:/Program Files/Unity/Hub/Editor/2021.1.5f1/Editor/Data/MonoBleedingEdge/etc'
Using monoOptions --debugger-agent=transport=dt_socket,embedding=1,server=y,suspend=n,address=127.0.0.1:56196
Begin MonoManager ReloadAssembly
Registering precompiled unity dll's ...
Register platform support module: C:/Program Files/Unity/Hub/Editor/2021.1.5f1/Editor/Data/PlaybackEngines/WebGLSupport/UnityEditor.WebGL.Extensions.dll
Register platform support module: C:/Program Files/Unity/Hub/Editor/2021.1.5f1/Editor/Data/PlaybackEngines/WindowsStandaloneSupport/UnityEditor.WindowsStandalone.Extensions.dll
Registered in 0.001425 seconds.
Native extension for WindowsStandalone target not found
Native extension for WebGL target not found
Refreshing native plugins compatible for Editor in 77.46 ms, found 2 plugins.
Preloading 0 native plugins for Editor in 0.00 ms.
Mono: successfully reloaded assembly
- Completed reload, in  1.095 seconds
Platform modules already initialized, skipping
Registering precompiled user dll's ...
Registered in 0.002179 seconds.
Begin MonoManager ReloadAssembly
Native extension for WindowsStandalone target not found
Native extension for WebGL target not found
Refreshing native plugins compatible for Editor in 75.64 ms, found 2 plugins.
Preloading 0 native plugins for Editor in 0.00 ms.
Mono: successfully reloaded assembly
- Completed reload, in  0.824 seconds
Platform modules already initialized, skipping
========================================================================
Worker process is ready to serve import requests
Launched and connected shader compiler UnityShaderCompiler.exe after 0.04 seconds
Refreshing native plugins compatible for Editor in 0.67 ms, found 2 plugins.
Preloading 0 native plugins for Editor in 0.00 ms.
Unloading 3850 Unused Serialized files (Serialized files now loaded: 0)
System memory in use before: 144.9 MB.
System memory in use after: 145.1 MB.

Unloading 27 unused Assets to reduce memory usage. Loaded Objects now: 4309.
Total: 2.312500 ms (FindLiveObjects: 0.276200 ms CreateObjectMapping: 0.099900 ms MarkObjects: 1.889200 ms  DeleteObjects: 0.046300 ms)

========================================================================
Received Import Request.
  path: Assets/Prefabs/Fader.prefab
  artifactKey: Guid(25fcfecb800896f499be13825173428d) Importer(815301076,1909f56bfc062723c751e8b465ee728b)
Start importing Assets/Prefabs/Fader.prefab using Guid(25fcfecb800896f499be13825173428d) Importer(815301076,1909f56bfc062723c751e8b465ee728b)  -> (artifact id: '74da1a3f1a94b1e76c2e225ebccc5555') in 0.040252 seconds 
========================================================================
Received Import Request.
  Time since last request: 7.845970 seconds.
  path: Assets/Scripts/Music.cs
  artifactKey: Guid(e8a5a6f491a48af4484fc6511282b6c9) Importer(815301076,1909f56bfc062723c751e8b465ee728b)
Start importing Assets/Scripts/Music.cs using Guid(e8a5a6f491a48af4484fc6511282b6c9) Importer(815301076,1909f56bfc062723c751e8b465ee728b)  -> (artifact id: '91e2118cb35845cc84004db7147a2fff') in 0.015292 seconds 
========================================================================
Received Prepare
Registering precompiled user dll's ...
Registered in 0.002340 seconds.
Begin MonoManager ReloadAssembly
Native extension for WindowsStandalone target not found
Native extension for WebGL target not found
Refreshing native plugins compatible for Editor in 0.69 ms, found 2 plugins.
Preloading 0 native plugins for Editor in 0.00 ms.
Mono: successfully reloaded assembly
- Completed reload, in  0.714 seconds
Platform modules already initialized, skipping
Refreshing native plugins compatible for Editor in 0.63 ms, found 2 plugins.
Preloading 0 native plugins for Editor in 0.00 ms.
Unloading 3838 Unused Serialized files (Serialized files now loaded: 0)
System memory in use before: 144.4 MB.
System memory in use after: 144.6 MB.

Unloading 13 unused Assets to reduce memory usage. Loaded Objects now: 4314.
Total: 2.175400 ms (FindLiveObjects: 0.250400 ms CreateObjectMapping: 0.099200 ms MarkObjects: 1.810900 ms  DeleteObjects: 0.014100 ms)

========================================================================
Received Prepare
Registering precompiled user dll's ...
Registered in 0.002369 seconds.
Begin MonoManager ReloadAssembly
Native extension for WindowsStandalone target not found
Native extension for WebGL target not found
Refreshing native plugins compatible for Editor in 0.71 ms, found 2 plugins.
Preloading 0 native plugins for Editor in 0.00 ms.
Mono: successfully reloaded assembly
- Completed reload, in  0.700 seconds
Platform modules already initialized, skipping
Refreshing native plugins compatible for Editor in 0.91 ms, found 2 plugins.
Preloading 0 native plugins for Editor in 0.00 ms.
Unloading 3838 Unused Serialized files (Serialized files now loaded: 0)
System memory in use before: 144.4 MB.
System memory in use after: 144.7 MB.

Unloading 13 unused Assets to reduce memory usage. Loaded Objects now: 4318.
Total: 2.792600 ms (FindLiveObjects: 0.317000 ms CreateObjectMapping: 0.197300 ms MarkObjects: 2.261300 ms  DeleteObjects: 0.016100 ms)

========================================================================
Received Import Request.
  Time since last request: 30.791097 seconds.
  path: Assets/Scripts/Music.cs
  artifactKey: Guid(e8a5a6f491a48af4484fc6511282b6c9) Importer(815301076,1909f56bfc062723c751e8b465ee728b)
Start importing Assets/Scripts/Music.cs using Guid(e8a5a6f491a48af4484fc6511282b6c9) Importer(815301076,1909f56bfc062723c751e8b465ee728b)  -> (artifact id: '5c2c2d68af366d0910dfcd89b6bc19cc') in 0.006879 seconds 
========================================================================
Received Prepare
Registering precompiled user dll's ...
Registered in 0.002874 seconds.
Begin MonoManager ReloadAssembly
Native extension for WindowsStandalone target not found
Native extension for WebGL target not found
Refreshing native plugins compatible for Editor in 0.69 ms, found 2 plugins.
Preloading 0 native plugins for Editor in 0.00 ms.
Mono: successfully reloaded assembly
- Completed reload, in  0.691 seconds
Platform modules already initialized, skipping
Refreshing native plugins compatible for Editor in 0.72 ms, found 2 plugins.
Preloading 0 native plugins for Editor in 0.00 ms.
Unloading 3838 Unused Serialized files (Serialized files now loaded: 0)
System memory in use before: 144.5 MB.
System memory in use after: 144.7 MB.

Unloading 13 unused Assets to reduce memory usage. Loaded Objects now: 4322.
Total: 3.133300 ms (FindLiveObjects: 0.387600 ms CreateObjectMapping: 0.201100 ms MarkObjects: 2.526800 ms  DeleteObjects: 0.017000 ms)

========================================================================
Received Prepare
Registering precompiled user dll's ...
Registered in 0.002855 seconds.
Begin MonoManager ReloadAssembly
Native extension for WindowsStandalone target not found
Native extension for WebGL target not found
Refreshing native plugins compatible for Editor in 0.68 ms, found 2 plugins.
Preloading 0 native plugins for Editor in 0.00 ms.
Mono: successfully reloaded assembly
- Completed reload, in  0.692 seconds
Platform modules already initialized, skipping
Refreshing native plugins compatible for Editor in 0.73 ms, found 2 plugins.
Preloading 0 native plugins for Editor in 0.00 ms.
Unloading 3838 Unused Serialized files (Serialized files now loaded: 0)
System memory in use before: 144.5 MB.
System memory in use after: 144.8 MB.

Unloading 13 unused Assets to reduce memory usage. Loaded Objects now: 4326.
Total: 2.399300 ms (FindLiveObjects: 0.328600 ms CreateObjectMapping: 0.105200 ms MarkObjects: 1.949800 ms  DeleteObjects: 0.014900 ms)

========================================================================
Received Import Request.
  Time since last request: 194.556649 seconds.
  path: Assets/Scripts/AudioManager.cs
  artifactKey: Guid(0c5e5b3dffb4d304f86eb241785722aa) Importer(815301076,1909f56bfc062723c751e8b465ee728b)
Start importing Assets/Scripts/AudioManager.cs using Guid(0c5e5b3dffb4d304f86eb241785722aa) Importer(815301076,1909f56bfc062723c751e8b465ee728b)  -> (artifact id: '4351400d38a548c088ebdef47917ce13') in 0.009708 seconds 
========================================================================
Received Prepare
Registering precompiled user dll's ...
Registered in 0.002534 seconds.
Begin MonoManager ReloadAssembly
Native extension for WindowsStandalone target not found
Native extension for WebGL target not found
Refreshing native plugins compatible for Editor in 0.71 ms, found 2 plugins.
Preloading 0 native plugins for Editor in 0.00 ms.
Mono: successfully reloaded assembly
- Completed reload, in  0.723 seconds
Platform modules already initialized, skipping
Refreshing native plugins compatible for Editor in 0.94 ms, found 2 plugins.
Preloading 0 native plugins for Editor in 0.00 ms.
Unloading 3839 Unused Serialized files (Serialized files now loaded: 0)
System memory in use before: 144.5 MB.
System memory in use after: 144.8 MB.

Unloading 13 unused Assets to reduce memory usage. Loaded Objects now: 4331.
Total: 2.783300 ms (FindLiveObjects: 0.338900 ms CreateObjectMapping: 0.087400 ms MarkObjects: 2.325200 ms  DeleteObjects: 0.030600 ms)

========================================================================
Received Prepare
Registering precompiled user dll's ...
Registered in 0.002915 seconds.
Begin MonoManager ReloadAssembly
Native extension for WindowsStandalone target not found
Native extension for WebGL target not found
Refreshing native plugins compatible for Editor in 0.71 ms, found 2 plugins.
Preloading 0 native plugins for Editor in 0.00 ms.
Mono: successfully reloaded assembly
- Completed reload, in  0.698 seconds
Platform modules already initialized, skipping
Refreshing native plugins compatible for Editor in 0.85 ms, found 2 plugins.
Preloading 0 native plugins for Editor in 0.00 ms.
Unloading 3839 Unused Serialized files (Serialized files now loaded: 0)
System memory in use before: 144.6 MB.
System memory in use after: 144.8 MB.

Unloading 13 unused Assets to reduce memory usage. Loaded Objects now: 4335.
Total: 3.282300 ms (FindLiveObjects: 0.689600 ms CreateObjectMapping: 0.144900 ms MarkObjects: 2.432900 ms  DeleteObjects: 0.013600 ms)

========================================================================
Received Import Request.
  Time since last request: 45.773572 seconds.
  path: Assets/Scripts/Music.cs
  artifactKey: Guid(e8a5a6f491a48af4484fc6511282b6c9) Importer(815301076,1909f56bfc062723c751e8b465ee728b)
Start importing Assets/Scripts/Music.cs using Guid(e8a5a6f491a48af4484fc6511282b6c9) Importer(815301076,1909f56bfc062723c751e8b465ee728b)  -> (artifact id: '1148fa3a906b627549719be43e245135') in 0.006183 seconds 
========================================================================
Received Import Request.
  Time since last request: 2.600233 seconds.
  path: Assets/Scripts/Sound.cs
  artifactKey: Guid(e8a5a6f491a48af4484fc6511282b6c9) Importer(815301076,1909f56bfc062723c751e8b465ee728b)
Start importing Assets/Scripts/Sound.cs using Guid(e8a5a6f491a48af4484fc6511282b6c9) Importer(815301076,1909f56bfc062723c751e8b465ee728b)  -> (artifact id: 'aefe66f13abbe3a876570b6879a7c327') in 0.006953 seconds 
========================================================================
Received Prepare
Registering precompiled user dll's ...
Registered in 0.002427 seconds.
Begin MonoManager ReloadAssembly
Native extension for WindowsStandalone target not found
Native extension for WebGL target not found
Refreshing native plugins compatible for Editor in 0.74 ms, found 2 plugins.
Preloading 0 native plugins for Editor in 0.00 ms.
Mono: successfully reloaded assembly
- Completed reload, in  0.721 seconds
Platform modules already initialized, skipping
Refreshing native plugins compatible for Editor in 1.00 ms, found 2 plugins.
Preloading 0 native plugins for Editor in 0.00 ms.
Unloading 3839 Unused Serialized files (Serialized files now loaded: 0)
System memory in use before: 144.6 MB.
System memory in use after: 144.8 MB.

Unloading 13 unused Assets to reduce memory usage. Loaded Objects now: 4339.
Total: 4.735700 ms (FindLiveObjects: 0.351300 ms CreateObjectMapping: 0.104600 ms MarkObjects: 4.232500 ms  DeleteObjects: 0.045000 ms)

========================================================================
Received Prepare
Registering precompiled user dll's ...
Registered in 0.002461 seconds.
Begin MonoManager ReloadAssembly
Native extension for WindowsStandalone target not found
Native extension for WebGL target not found
Refreshing native plugins compatible for Editor in 0.68 ms, found 2 plugins.
Preloading 0 native plugins for Editor in 0.00 ms.
Mono: successfully reloaded assembly
- Completed reload, in  0.696 seconds
Platform modules already initialized, skipping
Refreshing native plugins compatible for Editor in 0.83 ms, found 2 plugins.
Preloading 0 native plugins for Editor in 0.00 ms.
Unloading 3839 Unused Serialized files (Serialized files now loaded: 0)
System memory in use before: 144.6 MB.
System memory in use after: 144.8 MB.

Unloading 13 unused Assets to reduce memory usage. Loaded Objects now: 4343.
Total: 3.146800 ms (FindLiveObjects: 0.399200 ms CreateObjectMapping: 0.115600 ms MarkObjects: 2.610000 ms  DeleteObjects: 0.020900 ms)

========================================================================
Received Prepare
Registering precompiled user dll's ...
Registered in 0.002907 seconds.
Begin MonoManager ReloadAssembly
Native extension for WindowsStandalone target not found
Native extension for WebGL target not found
Refreshing native plugins compatible for Editor in 0.70 ms, found 2 plugins.
Preloading 0 native plugins for Editor in 0.00 ms.
Mono: successfully reloaded assembly
- Completed reload, in  0.679 seconds
Platform modules already initialized, skipping
Refreshing native plugins compatible for Editor in 0.81 ms, found 2 plugins.
Preloading 0 native plugins for Editor in 0.00 ms.
Unloading 3839 Unused Serialized files (Serialized files now loaded: 0)
System memory in use before: 144.6 MB.
System memory in use after: 144.8 MB.

Unloading 13 unused Assets to reduce memory usage. Loaded Objects now: 4347.
Total: 3.646700 ms (FindLiveObjects: 0.415900 ms CreateObjectMapping: 0.097600 ms MarkObjects: 3.109300 ms  DeleteObjects: 0.022700 ms)

========================================================================
Received Import Request.
  Time since last request: 294.709646 seconds.
  path: Assets/Sound/Completion.wav
  artifactKey: Guid(c8d3e5916fabb224d80927d4f5e02f83) Importer(815301076,1909f56bfc062723c751e8b465ee728b)
Start importing Assets/Sound/Completion.wav using Guid(c8d3e5916fabb224d80927d4f5e02f83) Importer(815301076,1909f56bfc062723c751e8b465ee728b)  -> (artifact id: '3f5cd55961e209b4288c982c86a6ce13') in 0.070447 seconds 
========================================================================
Received Import Request.
  Time since last request: 1.605594 seconds.
  path: Assets/Sound/ClickSound.wav
  artifactKey: Guid(6644d5c60bc2a6c40aeeb00e6c61fb74) Importer(815301076,1909f56bfc062723c751e8b465ee728b)
Start importing Assets/Sound/ClickSound.wav using Guid(6644d5c60bc2a6c40aeeb00e6c61fb74) Importer(815301076,1909f56bfc062723c751e8b465ee728b)  -> (artifact id: '9c4cb03abf6e776f401f69697a6beabe') in 0.010487 seconds 
========================================================================
Received Prepare
Registering precompiled user dll's ...
Registered in 0.002540 seconds.
Begin MonoManager ReloadAssembly
Native extension for WindowsStandalone target not found
Native extension for WebGL target not found
Refreshing native plugins compatible for Editor in 0.69 ms, found 2 plugins.
Preloading 0 native plugins for Editor in 0.00 ms.
Mono: successfully reloaded assembly
- Completed reload, in  0.696 seconds
Platform modules already initialized, skipping
Refreshing native plugins compatible for Editor in 1.46 ms, found 2 plugins.
Preloading 0 native plugins for Editor in 0.00 ms.
Unloading 3839 Unused Serialized files (Serialized files now loaded: 0)
System memory in use before: 148.8 MB.
System memory in use after: 149.0 MB.

Unloading 13 unused Assets to reduce memory usage. Loaded Objects now: 4360.
Total: 2.902700 ms (FindLiveObjects: 0.358700 ms CreateObjectMapping: 0.101000 ms MarkObjects: 2.426100 ms  DeleteObjects: 0.016000 ms)

========================================================================
Received Prepare
Registering precompiled user dll's ...
Registered in 0.002838 seconds.
Begin MonoManager ReloadAssembly
Native extension for WindowsStandalone target not found
Native extension for WebGL target not found
Refreshing native plugins compatible for Editor in 0.73 ms, found 2 plugins.
Preloading 0 native plugins for Editor in 0.00 ms.
Mono: successfully reloaded assembly
- Completed reload, in  0.713 seconds
Platform modules already initialized, skipping
Refreshing native plugins compatible for Editor in 0.82 ms, found 2 plugins.
Preloading 0 native plugins for Editor in 0.00 ms.
Unloading 3839 Unused Serialized files (Serialized files now loaded: 0)
System memory in use before: 148.8 MB.
System memory in use after: 149.0 MB.

Unloading 13 unused Assets to reduce memory usage. Loaded Objects now: 4364.
Total: 2.694000 ms (FindLiveObjects: 0.288900 ms CreateObjectMapping: 0.100300 ms MarkObjects: 2.288500 ms  DeleteObjects: 0.015600 ms)

========================================================================
Received Prepare
Registering precompiled user dll's ...
Registered in 0.002189 seconds.
Begin MonoManager ReloadAssembly
Native extension for WindowsStandalone target not found
Native extension for WebGL target not found
Refreshing native plugins compatible for Editor in 0.62 ms, found 2 plugins.
Preloading 0 native plugins for Editor in 0.00 ms.
Mono: successfully reloaded assembly
- Completed reload, in  0.678 seconds
Platform modules already initialized, skipping
Refreshing native plugins compatible for Editor in 0.80 ms, found 2 plugins.
Preloading 0 native plugins for Editor in 0.00 ms.
Unloading 3839 Unused Serialized files (Serialized files now loaded: 0)
System memory in use before: 148.8 MB.
System memory in use after: 149.0 MB.

Unloading 13 unused Assets to reduce memory usage. Loaded Objects now: 4368.
Total: 2.577100 ms (FindLiveObjects: 0.374100 ms CreateObjectMapping: 0.094100 ms MarkObjects: 2.093300 ms  DeleteObjects: 0.014600 ms)

========================================================================
Received Prepare
Registering precompiled user dll's ...
Registered in 0.002555 seconds.
Begin MonoManager ReloadAssembly
Native extension for WindowsStandalone target not found
Native extension for WebGL target not found
Refreshing native plugins compatible for Editor in 1.03 ms, found 2 plugins.
Preloading 0 native plugins for Editor in 0.00 ms.
Mono: successfully reloaded assembly
- Completed reload, in  0.693 seconds
Platform modules already initialized, skipping
Refreshing native plugins compatible for Editor in 0.96 ms, found 2 plugins.
Preloading 0 native plugins for Editor in 0.00 ms.
Unloading 3839 Unused Serialized files (Serialized files now loaded: 0)
System memory in use before: 148.8 MB.
System memory in use after: 149.0 MB.

Unloading 13 unused Assets to reduce memory usage. Loaded Objects now: 4372.
Total: 2.904200 ms (FindLiveObjects: 0.373400 ms CreateObjectMapping: 0.103800 ms MarkObjects: 2.411100 ms  DeleteObjects: 0.014700 ms)

========================================================================
Received Prepare
Registering precompiled user dll's ...
Registered in 0.002239 seconds.
Begin MonoManager ReloadAssembly
Native extension for WindowsStandalone target not found
Native extension for WebGL target not found
Refreshing native plugins compatible for Editor in 0.64 ms, found 2 plugins.
Preloading 0 native plugins for Editor in 0.00 ms.
Mono: successfully reloaded assembly
- Completed reload, in  0.684 seconds
Platform modules already initialized, skipping
Refreshing native plugins compatible for Editor in 0.71 ms, found 2 plugins.
Preloading 0 native plugins for Editor in 0.00 ms.
Unloading 3839 Unused Serialized files (Serialized files now loaded: 0)
System memory in use before: 148.8 MB.
System memory in use after: 149.1 MB.

Unloading 13 unused Assets to reduce memory usage. Loaded Objects now: 4376.
Total: 2.248300 ms (FindLiveObjects: 0.284200 ms CreateObjectMapping: 0.083600 ms MarkObjects: 1.865000 ms  DeleteObjects: 0.014400 ms)

========================================================================
Received Prepare
Registering precompiled user dll's ...
Registered in 0.002606 seconds.
Begin MonoManager ReloadAssembly
Native extension for WindowsStandalone target not found
Native extension for WebGL target not found
Refreshing native plugins compatible for Editor in 0.83 ms, found 2 plugins.
Preloading 0 native plugins for Editor in 0.00 ms.
Mono: successfully reloaded assembly
- Completed reload, in  0.695 seconds
Platform modules already initialized, skipping
Refreshing native plugins compatible for Editor in 0.71 ms, found 2 plugins.
Preloading 0 native plugins for Editor in 0.00 ms.
Unloading 3839 Unused Serialized files (Serialized files now loaded: 0)
System memory in use before: 148.8 MB.
System memory in use after: 149.1 MB.

Unloading 13 unused Assets to reduce memory usage. Loaded Objects now: 4380.
Total: 2.343300 ms (FindLiveObjects: 0.270200 ms CreateObjectMapping: 0.097900 ms MarkObjects: 1.960700 ms  DeleteObjects: 0.013700 ms)

========================================================================
Received Prepare
Registering precompiled user dll's ...
Registered in 0.002240 seconds.
Begin MonoManager ReloadAssembly
Native extension for WindowsStandalone target not found
Native extension for WebGL target not found
Refreshing native plugins compatible for Editor in 0.61 ms, found 2 plugins.
Preloading 0 native plugins for Editor in 0.00 ms.
Mono: successfully reloaded assembly
- Completed reload, in  0.677 seconds
Platform modules already initialized, skipping
Refreshing native plugins compatible for Editor in 0.69 ms, found 2 plugins.
Preloading 0 native plugins for Editor in 0.00 ms.
Unloading 3839 Unused Serialized files (Serialized files now loaded: 0)
System memory in use before: 148.8 MB.
System memory in use after: 149.1 MB.

Unloading 13 unused Assets to reduce memory usage. Loaded Objects now: 4384.
Total: 2.306200 ms (FindLiveObjects: 0.307400 ms CreateObjectMapping: 0.112800 ms MarkObjects: 1.871000 ms  DeleteObjects: 0.013900 ms)

========================================================================
Received Prepare
Registering precompiled user dll's ...
Registered in 0.003007 seconds.
Begin MonoManager ReloadAssembly
Native extension for WindowsStandalone target not found
Native extension for WebGL target not found
Refreshing native plugins compatible for Editor in 0.87 ms, found 2 plugins.
Preloading 0 native plugins for Editor in 0.00 ms.
Mono: successfully reloaded assembly
- Completed reload, in  0.756 seconds
Platform modules already initialized, skipping
Refreshing native plugins compatible for Editor in 0.75 ms, found 2 plugins.
Preloading 0 native plugins for Editor in 0.00 ms.
Unloading 3839 Unused Serialized files (Serialized files now loaded: 0)
System memory in use before: 148.8 MB.
System memory in use after: 149.1 MB.

Unloading 13 unused Assets to reduce memory usage. Loaded Objects now: 4388.
Total: 2.609000 ms (FindLiveObjects: 0.286400 ms CreateObjectMapping: 0.161700 ms MarkObjects: 2.146100 ms  DeleteObjects: 0.013800 ms)

========================================================================
Received Import Request.
  Time since last request: 3986.377311 seconds.
  path: Assets/Sound/BGM_04.wav
  artifactKey: Guid(6d7ba165632e2874f9bb5d289c024d76) Importer(815301076,1909f56bfc062723c751e8b465ee728b)
Start importing Assets/Sound/BGM_04.wav using Guid(6d7ba165632e2874f9bb5d289c024d76) Importer(815301076,1909f56bfc062723c751e8b465ee728b)  -> (artifact id: 'a6d16ce54777c17fcb354ca388b43989') in 0.049248 seconds 
========================================================================
Received Prepare
Registering precompiled user dll's ...
Registered in 0.002774 seconds.
Begin MonoManager ReloadAssembly
Native extension for WindowsStandalone target not found
Native extension for WebGL target not found
Refreshing native plugins compatible for Editor in 0.71 ms, found 2 plugins.
Preloading 0 native plugins for Editor in 0.00 ms.
Mono: successfully reloaded assembly
- Completed reload, in  0.681 seconds
Platform modules already initialized, skipping
Refreshing native plugins compatible for Editor in 0.77 ms, found 2 plugins.
Preloading 0 native plugins for Editor in 0.00 ms.
Unloading 3839 Unused Serialized files (Serialized files now loaded: 0)
System memory in use before: 148.8 MB.
System memory in use after: 149.1 MB.

Unloading 13 unused Assets to reduce memory usage. Loaded Objects now: 4393.
Total: 2.527400 ms (FindLiveObjects: 0.347000 ms CreateObjectMapping: 0.137200 ms MarkObjects: 2.028600 ms  DeleteObjects: 0.013600 ms)

========================================================================
Received Prepare
Registering precompiled user dll's ...
Registered in 0.004311 seconds.
Begin MonoManager ReloadAssembly
Native extension for WindowsStandalone target not found
Native extension for WebGL target not found
Refreshing native plugins compatible for Editor in 0.77 ms, found 2 plugins.
Preloading 0 native plugins for Editor in 0.00 ms.
Mono: successfully reloaded assembly
- Completed reload, in  0.704 seconds
Platform modules already initialized, skipping
Refreshing native plugins compatible for Editor in 0.75 ms, found 2 plugins.
Preloading 0 native plugins for Editor in 0.00 ms.
Unloading 3839 Unused Serialized files (Serialized files now loaded: 0)
System memory in use before: 148.9 MB.
System memory in use after: 149.1 MB.

Unloading 13 unused Assets to reduce memory usage. Loaded Objects now: 4397.
Total: 2.270900 ms (FindLiveObjects: 0.319900 ms CreateObjectMapping: 0.097600 ms MarkObjects: 1.839900 ms  DeleteObjects: 0.012600 ms)

========================================================================
Received Prepare
Registering precompiled user dll's ...
Registered in 0.003725 seconds.
Begin MonoManager ReloadAssembly
Native extension for WindowsStandalone target not found
Native extension for WebGL target not found
Refreshing native plugins compatible for Editor in 1.16 ms, found 2 plugins.
Preloading 0 native plugins for Editor in 0.00 ms.
Mono: successfully reloaded assembly
- Completed reload, in  0.913 seconds
Platform modules already initialized, skipping
Refreshing native plugins compatible for Editor in 0.70 ms, found 2 plugins.
Preloading 0 native plugins for Editor in 0.00 ms.
Unloading 3839 Unused Serialized files (Serialized files now loaded: 0)
System memory in use before: 148.9 MB.
System memory in use after: 149.1 MB.

Unloading 13 unused Assets to reduce memory usage. Loaded Objects now: 4401.
Total: 2.562100 ms (FindLiveObjects: 0.396600 ms CreateObjectMapping: 0.123200 ms MarkObjects: 2.027600 ms  DeleteObjects: 0.013700 ms)

========================================================================
Received Prepare
Registering precompiled user dll's ...
Registered in 0.004789 seconds.
Begin MonoManager ReloadAssembly
Native extension for WindowsStandalone target not found
Native extension for WebGL target not found
Refreshing native plugins compatible for Editor in 1.85 ms, found 2 plugins.
Preloading 0 native plugins for Editor in 0.00 ms.
Mono: successfully reloaded assembly
- Completed reload, in  1.769 seconds
Platform modules already initialized, skipping
Refreshing native plugins compatible for Editor in 1.08 ms, found 2 plugins.
Preloading 0 native plugins for Editor in 0.00 ms.
Unloading 3839 Unused Serialized files (Serialized files now loaded: 0)
System memory in use before: 148.9 MB.
System memory in use after: 149.1 MB.

Unloading 13 unused Assets to reduce memory usage. Loaded Objects now: 4405.
Total: 5.417700 ms (FindLiveObjects: 0.401200 ms CreateObjectMapping: 0.189100 ms MarkObjects: 4.787700 ms  DeleteObjects: 0.037800 ms)

========================================================================
Received Prepare
Registering precompiled user dll's ...
Registered in 0.005049 seconds.
Begin MonoManager ReloadAssembly
Native extension for WindowsStandalone target not found
Native extension for WebGL target not found
Refreshing native plugins compatible for Editor in 1.14 ms, found 2 plugins.
Preloading 0 native plugins for Editor in 0.00 ms.
Mono: successfully reloaded assembly
- Completed reload, in  1.703 seconds
Platform modules already initialized, skipping
Refreshing native plugins compatible for Editor in 1.85 ms, found 2 plugins.
Preloading 0 native plugins for Editor in 0.00 ms.
Unloading 3839 Unused Serialized files (Serialized files now loaded: 0)
System memory in use before: 148.9 MB.
System memory in use after: 149.1 MB.

Unloading 13 unused Assets to reduce memory usage. Loaded Objects now: 4409.
Total: 4.038300 ms (FindLiveObjects: 0.390800 ms CreateObjectMapping: 0.190100 ms MarkObjects: 3.431000 ms  DeleteObjects: 0.025000 ms)

========================================================================
Received Prepare
Registering precompiled user dll's ...
Registered in 0.005405 seconds.
Begin MonoManager ReloadAssembly
Native extension for WindowsStandalone target not found
Native extension for WebGL target not found
Refreshing native plugins compatible for Editor in 1.84 ms, found 2 plugins.
Preloading 0 native plugins for Editor in 0.00 ms.
Mono: successfully reloaded assembly
- Completed reload, in  1.830 seconds
Platform modules already initialized, skipping
Refreshing native plugins compatible for Editor in 1.04 ms, found 2 plugins.
Preloading 0 native plugins for Editor in 0.00 ms.
Unloading 3839 Unused Serialized files (Serialized files now loaded: 0)
System memory in use before: 148.9 MB.
System memory in use after: 149.1 MB.

Unloading 13 unused Assets to reduce memory usage. Loaded Objects now: 4413.
Total: 5.973400 ms (FindLiveObjects: 0.436200 ms CreateObjectMapping: 0.191500 ms MarkObjects: 5.302200 ms  DeleteObjects: 0.041800 ms)

========================================================================
Received Prepare
Registering precompiled user dll's ...
Registered in 0.011005 seconds.
Begin MonoManager ReloadAssembly
Native extension for WindowsStandalone target not found
Native extension for WebGL target not found
Refreshing native plugins compatible for Editor in 1.12 ms, found 2 plugins.
Preloading 0 native plugins for Editor in 0.00 ms.
Mono: successfully reloaded assembly
- Completed reload, in  1.705 seconds
Platform modules already initialized, skipping
Refreshing native plugins compatible for Editor in 2.03 ms, found 2 plugins.
Preloading 0 native plugins for Editor in 0.00 ms.
Unloading 3839 Unused Serialized files (Serialized files now loaded: 0)
System memory in use before: 148.9 MB.
System memory in use after: 149.2 MB.

Unloading 13 unused Assets to reduce memory usage. Loaded Objects now: 4417.
Total: 4.944400 ms (FindLiveObjects: 0.482800 ms CreateObjectMapping: 0.208400 ms MarkObjects: 4.222400 ms  DeleteObjects: 0.029400 ms)

========================================================================
Received Import Request.
  Time since last request: 727.317499 seconds.
  path: Assets/Sound/Casual - Bonus Level (Danger).wav
  artifactKey: Guid(8b93bc3300383c440bc2bca34e74cf61) Importer(815301076,1909f56bfc062723c751e8b465ee728b)
Start importing Assets/Sound/Casual - Bonus Level (Danger).wav using Guid(8b93bc3300383c440bc2bca34e74cf61) Importer(815301076,1909f56bfc062723c751e8b465ee728b)  -> (artifact id: 'c27b4b92d4146dc17e9e6a9df180d68f') in 0.091506 seconds 
========================================================================
Received Prepare
Registering precompiled user dll's ...
Registered in 0.004708 seconds.
Begin MonoManager ReloadAssembly
Native extension for WindowsStandalone target not found
Native extension for WebGL target not found
Refreshing native plugins compatible for Editor in 1.08 ms, found 2 plugins.
Preloading 0 native plugins for Editor in 0.00 ms.
Mono: successfully reloaded assembly
- Completed reload, in  1.699 seconds
Platform modules already initialized, skipping
Refreshing native plugins compatible for Editor in 1.04 ms, found 2 plugins.
Preloading 0 native plugins for Editor in 0.00 ms.
Unloading 3839 Unused Serialized files (Serialized files now loaded: 0)
System memory in use before: 148.9 MB.
System memory in use after: 149.2 MB.

Unloading 13 unused Assets to reduce memory usage. Loaded Objects now: 4422.
Total: 4.250300 ms (FindLiveObjects: 0.524800 ms CreateObjectMapping: 0.201300 ms MarkObjects: 3.496700 ms  DeleteObjects: 0.026000 ms)

========================================================================
Received Prepare
Registering precompiled user dll's ...
Registered in 0.005138 seconds.
Begin MonoManager ReloadAssembly
Native extension for WindowsStandalone target not found
Native extension for WebGL target not found
Refreshing native plugins compatible for Editor in 1.07 ms, found 2 plugins.
Preloading 0 native plugins for Editor in 0.00 ms.
Mono: successfully reloaded assembly
- Completed reload, in  1.762 seconds
Platform modules already initialized, skipping
Refreshing native plugins compatible for Editor in 1.11 ms, found 2 plugins.
Preloading 0 native plugins for Editor in 0.00 ms.
Unloading 3839 Unused Serialized files (Serialized files now loaded: 0)
System memory in use before: 148.9 MB.
System memory in use after: 149.2 MB.

Unloading 13 unused Assets to reduce memory usage. Loaded Objects now: 4426.
Total: 5.128000 ms (FindLiveObjects: 0.467400 ms CreateObjectMapping: 0.219700 ms MarkObjects: 4.400700 ms  DeleteObjects: 0.038400 ms)

========================================================================
Received Prepare
Registering precompiled user dll's ...
Registered in 0.005381 seconds.
Begin MonoManager ReloadAssembly
Native extension for WindowsStandalone target not found
Native extension for WebGL target not found
Refreshing native plugins compatible for Editor in 1.05 ms, found 2 plugins.
Preloading 0 native plugins for Editor in 0.00 ms.
Mono: successfully reloaded assembly
- Completed reload, in  1.691 seconds
Platform modules already initialized, skipping
Refreshing native plugins compatible for Editor in 1.84 ms, found 2 plugins.
Preloading 0 native plugins for Editor in 0.00 ms.
Unloading 3839 Unused Serialized files (Serialized files now loaded: 0)
System memory in use before: 148.9 MB.
System memory in use after: 149.2 MB.

Unloading 13 unused Assets to reduce memory usage. Loaded Objects now: 4430.
Total: 4.183500 ms (FindLiveObjects: 0.423600 ms CreateObjectMapping: 0.217700 ms MarkObjects: 3.515000 ms  DeleteObjects: 0.025600 ms)

========================================================================
Received Prepare
Registering precompiled user dll's ...
Registered in 0.005873 seconds.
Begin MonoManager ReloadAssembly
Native extension for WindowsStandalone target not found
Native extension for WebGL target not found
Refreshing native plugins compatible for Editor in 1.10 ms, found 2 plugins.
Preloading 0 native plugins for Editor in 0.00 ms.
Mono: successfully reloaded assembly
- Completed reload, in  1.848 seconds
Platform modules already initialized, skipping
Refreshing native plugins compatible for Editor in 1.25 ms, found 2 plugins.
Preloading 0 native plugins for Editor in 0.00 ms.
Unloading 3839 Unused Serialized files (Serialized files now loaded: 0)
System memory in use before: 148.9 MB.
System memory in use after: 149.2 MB.

Unloading 13 unused Assets to reduce memory usage. Loaded Objects now: 4434.
Total: 4.395000 ms (FindLiveObjects: 0.410200 ms CreateObjectMapping: 0.216800 ms MarkObjects: 3.740600 ms  DeleteObjects: 0.025400 ms)

========================================================================
Received Prepare
Registering precompiled user dll's ...
Registered in 0.005869 seconds.
Begin MonoManager ReloadAssembly
Native extension for WindowsStandalone target not found
Native extension for WebGL target not found
Refreshing native plugins compatible for Editor in 1.14 ms, found 2 plugins.
Preloading 0 native plugins for Editor in 0.00 ms.
Mono: successfully reloaded assembly
- Completed reload, in  1.370 seconds
Platform modules already initialized, skipping
Refreshing native plugins compatible for Editor in 1.21 ms, found 2 plugins.
Preloading 0 native plugins for Editor in 0.00 ms.
Unloading 3839 Unused Serialized files (Serialized files now loaded: 0)
System memory in use before: 149.0 MB.
System memory in use after: 149.2 MB.

Unloading 13 unused Assets to reduce memory usage. Loaded Objects now: 4438.
Total: 5.656500 ms (FindLiveObjects: 0.520900 ms CreateObjectMapping: 0.207900 ms MarkObjects: 4.887200 ms  DeleteObjects: 0.038800 ms)

========================================================================
Received Prepare
Registering precompiled user dll's ...
Registered in 0.008945 seconds.
Begin MonoManager ReloadAssembly
Native extension for WindowsStandalone target not found
Native extension for WebGL target not found
Refreshing native plugins compatible for Editor in 1.14 ms, found 2 plugins.
Preloading 0 native plugins for Editor in 0.00 ms.
Mono: successfully reloaded assembly
- Completed reload, in  1.596 seconds
Platform modules already initialized, skipping
Refreshing native plugins compatible for Editor in 1.09 ms, found 2 plugins.
Preloading 0 native plugins for Editor in 0.00 ms.
Unloading 3839 Unused Serialized files (Serialized files now loaded: 0)
System memory in use before: 149.0 MB.
System memory in use after: 149.2 MB.

Unloading 13 unused Assets to reduce memory usage. Loaded Objects now: 4442.
Total: 4.851800 ms (FindLiveObjects: 0.482700 ms CreateObjectMapping: 0.214700 ms MarkObjects: 4.126700 ms  DeleteObjects: 0.025700 ms)

========================================================================
Received Prepare
Registering precompiled user dll's ...
Registered in 0.007065 seconds.
Begin MonoManager ReloadAssembly
Native extension for WindowsStandalone target not found
Native extension for WebGL target not found
Refreshing native plugins compatible for Editor in 1.06 ms, found 2 plugins.
Preloading 0 native plugins for Editor in 0.00 ms.
Mono: successfully reloaded assembly
- Completed reload, in  1.598 seconds
Platform modules already initialized, skipping
Refreshing native plugins compatible for Editor in 1.08 ms, found 2 plugins.
Preloading 0 native plugins for Editor in 0.00 ms.
Unloading 3839 Unused Serialized files (Serialized files now loaded: 0)
System memory in use before: 149.0 MB.
System memory in use after: 149.2 MB.

Unloading 13 unused Assets to reduce memory usage. Loaded Objects now: 4446.
Total: 4.332100 ms (FindLiveObjects: 0.395600 ms CreateObjectMapping: 0.250800 ms MarkObjects: 3.656600 ms  DeleteObjects: 0.027200 ms)

========================================================================
Received Prepare
Registering precompiled user dll's ...
Registered in 0.006074 seconds.
Begin MonoManager ReloadAssembly
Native extension for WindowsStandalone target not found
Native extension for WebGL target not found
Refreshing native plugins compatible for Editor in 0.92 ms, found 2 plugins.
Preloading 0 native plugins for Editor in 0.00 ms.
Mono: successfully reloaded assembly
- Completed reload, in  1.291 seconds
Platform modules already initialized, skipping
Refreshing native plugins compatible for Editor in 1.11 ms, found 2 plugins.
Preloading 0 native plugins for Editor in 0.00 ms.
Unloading 3839 Unused Serialized files (Serialized files now loaded: 0)
System memory in use before: 149.0 MB.
System memory in use after: 149.2 MB.

Unloading 13 unused Assets to reduce memory usage. Loaded Objects now: 4450.
Total: 4.324300 ms (FindLiveObjects: 0.473200 ms CreateObjectMapping: 0.276700 ms MarkObjects: 3.545000 ms  DeleteObjects: 0.027500 ms)

========================================================================
Received Prepare
Registering precompiled user dll's ...
Registered in 0.005119 seconds.
Begin MonoManager ReloadAssembly
Native extension for WindowsStandalone target not found
Native extension for WebGL target not found
Refreshing native plugins compatible for Editor in 1.07 ms, found 2 plugins.
Preloading 0 native plugins for Editor in 0.00 ms.
Mono: successfully reloaded assembly
- Completed reload, in  1.713 seconds
Platform modules already initialized, skipping
Refreshing native plugins compatible for Editor in 1.72 ms, found 2 plugins.
Preloading 0 native plugins for Editor in 0.00 ms.
Unloading 3839 Unused Serialized files (Serialized files now loaded: 0)
System memory in use before: 149.0 MB.
System memory in use after: 149.2 MB.

Unloading 13 unused Assets to reduce memory usage. Loaded Objects now: 4454.
Total: 5.311100 ms (FindLiveObjects: 0.428300 ms CreateObjectMapping: 0.216400 ms MarkObjects: 4.630500 ms  DeleteObjects: 0.034300 ms)

========================================================================
Received Prepare
Registering precompiled user dll's ...
Registered in 0.005670 seconds.
Begin MonoManager ReloadAssembly
Native extension for WindowsStandalone target not found
Native extension for WebGL target not found
Refreshing native plugins compatible for Editor in 1.45 ms, found 2 plugins.
Preloading 0 native plugins for Editor in 0.00 ms.
Mono: successfully reloaded assembly
- Completed reload, in  1.665 seconds
Platform modules already initialized, skipping
Refreshing native plugins compatible for Editor in 1.15 ms, found 2 plugins.
Preloading 0 native plugins for Editor in 0.00 ms.
Unloading 3839 Unused Serialized files (Serialized files now loaded: 0)
System memory in use before: 149.0 MB.
System memory in use after: 149.2 MB.

Unloading 13 unused Assets to reduce memory usage. Loaded Objects now: 4458.
Total: 4.208100 ms (FindLiveObjects: 0.414600 ms CreateObjectMapping: 0.212700 ms MarkObjects: 3.552900 ms  DeleteObjects: 0.026400 ms)

========================================================================
Received Prepare
Registering precompiled user dll's ...
Registered in 0.004738 seconds.
Begin MonoManager ReloadAssembly
Native extension for WindowsStandalone target not found
Native extension for WebGL target not found
Refreshing native plugins compatible for Editor in 1.06 ms, found 2 plugins.
Preloading 0 native plugins for Editor in 0.00 ms.
Mono: successfully reloaded assembly
- Completed reload, in  1.800 seconds
Platform modules already initialized, skipping
Refreshing native plugins compatible for Editor in 1.86 ms, found 2 plugins.
Preloading 0 native plugins for Editor in 0.00 ms.
Unloading 3839 Unused Serialized files (Serialized files now loaded: 0)
System memory in use before: 149.0 MB.
System memory in use after: 149.2 MB.

Unloading 13 unused Assets to reduce memory usage. Loaded Objects now: 4462.
Total: 5.502800 ms (FindLiveObjects: 0.425800 ms CreateObjectMapping: 0.221300 ms MarkObjects: 4.817600 ms  DeleteObjects: 0.036400 ms)

========================================================================
Received Prepare
Registering precompiled user dll's ...
Registered in 0.009007 seconds.
Begin MonoManager ReloadAssembly
Native extension for WindowsStandalone target not found
Native extension for WebGL target not found
Refreshing native plugins compatible for Editor in 1.12 ms, found 2 plugins.
Preloading 0 native plugins for Editor in 0.00 ms.
Mono: successfully reloaded assembly
- Completed reload, in  1.670 seconds
Platform modules already initialized, skipping
Refreshing native plugins compatible for Editor in 1.09 ms, found 2 plugins.
Preloading 0 native plugins for Editor in 0.00 ms.
Unloading 3839 Unused Serialized files (Serialized files now loaded: 0)
System memory in use before: 149.0 MB.
System memory in use after: 149.3 MB.

Unloading 13 unused Assets to reduce memory usage. Loaded Objects now: 4466.
Total: 4.086200 ms (FindLiveObjects: 0.495900 ms CreateObjectMapping: 0.189700 ms MarkObjects: 3.372600 ms  DeleteObjects: 0.026600 ms)

========================================================================
Received Import Request.
  Time since last request: 4172.162629 seconds.
  path: Assets/Prefabs/Coin.prefab
  artifactKey: Guid(415191310b9efec4ebb2ab041c33899d) Importer(815301076,1909f56bfc062723c751e8b465ee728b)
Start importing Assets/Prefabs/Coin.prefab using Guid(415191310b9efec4ebb2ab041c33899d) Importer(815301076,1909f56bfc062723c751e8b465ee728b)  -> (artifact id: 'f43f46d67b19fcdcc07111ae523b9992') in 0.110837 seconds 
========================================================================
Received Prepare
Registering precompiled user dll's ...
Registered in 0.008953 seconds.
Begin MonoManager ReloadAssembly
Native extension for WindowsStandalone target not found
Native extension for WebGL target not found
Refreshing native plugins compatible for Editor in 1.06 ms, found 2 plugins.
Preloading 0 native plugins for Editor in 0.00 ms.
Mono: successfully reloaded assembly
- Completed reload, in  1.744 seconds
Platform modules already initialized, skipping
Refreshing native plugins compatible for Editor in 1.22 ms, found 2 plugins.
Preloading 0 native plugins for Editor in 0.00 ms.
Unloading 3839 Unused Serialized files (Serialized files now loaded: 0)
System memory in use before: 149.1 MB.
System memory in use after: 149.3 MB.

Unloading 13 unused Assets to reduce memory usage. Loaded Objects now: 4471.
Total: 4.585100 ms (FindLiveObjects: 0.463700 ms CreateObjectMapping: 0.239800 ms MarkObjects: 3.845900 ms  DeleteObjects: 0.031500 ms)

========================================================================
Received Prepare
Registering precompiled user dll's ...
Registered in 0.005283 seconds.
Begin MonoManager ReloadAssembly
Native extension for WindowsStandalone target not found
Native extension for WebGL target not found
Refreshing native plugins compatible for Editor in 1.11 ms, found 2 plugins.
Preloading 0 native plugins for Editor in 0.00 ms.
Mono: successfully reloaded assembly
- Completed reload, in  1.758 seconds
Platform modules already initialized, skipping
Refreshing native plugins compatible for Editor in 1.26 ms, found 2 plugins.
Preloading 0 native plugins for Editor in 0.00 ms.
Unloading 3839 Unused Serialized files (Serialized files now loaded: 0)
System memory in use before: 149.1 MB.
System memory in use after: 149.3 MB.

Unloading 13 unused Assets to reduce memory usage. Loaded Objects now: 4475.
Total: 5.920900 ms (FindLiveObjects: 1.451400 ms CreateObjectMapping: 0.307500 ms MarkObjects: 4.126100 ms  DeleteObjects: 0.034200 ms)

========================================================================
Received Prepare
Registering precompiled user dll's ...
Registered in 0.007199 seconds.
Begin MonoManager ReloadAssembly
Native extension for WindowsStandalone target not found
Native extension for WebGL target not found
Refreshing native plugins compatible for Editor in 1.95 ms, found 2 plugins.
Preloading 0 native plugins for Editor in 0.00 ms.
Mono: successfully reloaded assembly
- Completed reload, in  1.661 seconds
Platform modules already initialized, skipping
Refreshing native plugins compatible for Editor in 1.64 ms, found 2 plugins.
Preloading 0 native plugins for Editor in 0.00 ms.
Unloading 3839 Unused Serialized files (Serialized files now loaded: 0)
System memory in use before: 149.1 MB.
System memory in use after: 149.3 MB.

Unloading 13 unused Assets to reduce memory usage. Loaded Objects now: 4479.
Total: 4.434300 ms (FindLiveObjects: 0.431900 ms CreateObjectMapping: 0.225600 ms MarkObjects: 3.743600 ms  DeleteObjects: 0.031600 ms)

========================================================================
Received Import Request.
  Time since last request: 2804.845873 seconds.
  path: Assets/TextMesh Pro/Resources/Fonts & Materials/LiberationSans SDF - Drop Shadow.mat
  artifactKey: Guid(e73a58f6e2794ae7b1b7e50b7fb811b0) Importer(815301076,1909f56bfc062723c751e8b465ee728b)
Start importing Assets/TextMesh Pro/Resources/Fonts & Materials/LiberationSans SDF - Drop Shadow.mat using Guid(e73a58f6e2794ae7b1b7e50b7fb811b0) Importer(815301076,1909f56bfc062723c751e8b465ee728b)  -> (artifact id: 'ca0d2861f60500f05bd29199894f7bb5') in 0.324699 seconds 
========================================================================
Received Import Request.
  Time since last request: 0.000382 seconds.
  path: Assets/TextMesh Pro/Resources/Fonts & Materials/LiberationSans SDF - Outline.mat
  artifactKey: Guid(79459efec17a4d00a321bdcc27bbc385) Importer(815301076,1909f56bfc062723c751e8b465ee728b)
Start importing Assets/TextMesh Pro/Resources/Fonts & Materials/LiberationSans SDF - Outline.mat using Guid(79459efec17a4d00a321bdcc27bbc385) Importer(815301076,1909f56bfc062723c751e8b465ee728b)  -> (artifact id: '289988fcecf3b00d1602f8d2b589f7dd') in 0.161781 seconds 
========================================================================
Received Import Request.
  Time since last request: 0.000478 seconds.
  path: Assets/TextMesh Pro/Resources/Fonts & Materials/LiberationSans SDF - Fallback.asset
  artifactKey: Guid(2e498d1c8094910479dc3e1b768306a4) Importer(815301076,1909f56bfc062723c751e8b465ee728b)
Start importing Assets/TextMesh Pro/Resources/Fonts & Materials/LiberationSans SDF - Fallback.asset using Guid(2e498d1c8094910479dc3e1b768306a4) Importer(815301076,1909f56bfc062723c751e8b465ee728b)  -> (artifact id: 'b8c2210586957436df79bf961aeff06e') in 0.086797 seconds 
========================================================================
Received Import Request.
  Time since last request: 0.000400 seconds.
  path: Assets/TextMesh Pro/Resources/Fonts & Materials/LiberationSans SDF.asset
  artifactKey: Guid(8f586378b4e144a9851e7b34d9b748ee) Importer(815301076,1909f56bfc062723c751e8b465ee728b)
Start importing Assets/TextMesh Pro/Resources/Fonts & Materials/LiberationSans SDF.asset using Guid(8f586378b4e144a9851e7b34d9b748ee) Importer(815301076,1909f56bfc062723c751e8b465ee728b)  -> (artifact id: 'f1280cc7be10b532b2897fc8654f95d3') in 0.077528 seconds 
========================================================================
Received Prepare
Registering precompiled user dll's ...
Registered in 0.004848 seconds.
Begin MonoManager ReloadAssembly
Native extension for WindowsStandalone target not found
Native extension for WebGL target not found
Refreshing native plugins compatible for Editor in 1.98 ms, found 2 plugins.
Preloading 0 native plugins for Editor in 0.00 ms.
Mono: successfully reloaded assembly
- Completed reload, in  1.874 seconds
Platform modules already initialized, skipping
Refreshing native plugins compatible for Editor in 1.40 ms, found 2 plugins.
Preloading 0 native plugins for Editor in 0.00 ms.
Unloading 3854 Unused Serialized files (Serialized files now loaded: 0)
System memory in use before: 153.4 MB.
System memory in use after: 153.0 MB.

Unloading 25 unused Assets to reduce memory usage. Loaded Objects now: 4551.
Total: 5.286400 ms (FindLiveObjects: 0.540100 ms CreateObjectMapping: 0.244500 ms MarkObjects: 4.129100 ms  DeleteObjects: 0.371100 ms)

========================================================================
Received Prepare
Registering precompiled user dll's ...
Registered in 0.009044 seconds.
Begin MonoManager ReloadAssembly
Native extension for WindowsStandalone target not found
Native extension for WebGL target not found
Refreshing native plugins compatible for Editor in 1.08 ms, found 2 plugins.
Preloading 0 native plugins for Editor in 0.00 ms.
Mono: successfully reloaded assembly
- Completed reload, in  1.706 seconds
Platform modules already initialized, skipping
Refreshing native plugins compatible for Editor in 1.31 ms, found 2 plugins.
Preloading 0 native plugins for Editor in 0.00 ms.
Unloading 3851 Unused Serialized files (Serialized files now loaded: 0)
System memory in use before: 153.3 MB.
System memory in use after: 152.9 MB.

Unloading 25 unused Assets to reduce memory usage. Loaded Objects now: 4555.
Total: 6.665200 ms (FindLiveObjects: 0.746000 ms CreateObjectMapping: 0.251800 ms MarkObjects: 5.204600 ms  DeleteObjects: 0.459200 ms)

========================================================================
Received Import Request.
  Time since last request: 598.299048 seconds.
  path: Assets/Sprites/heart pixel art
  artifactKey: Guid(e529db2c4f8d8d0489552da841012282) Importer(815301076,1909f56bfc062723c751e8b465ee728b)
Start importing Assets/Sprites/heart pixel art using Guid(e529db2c4f8d8d0489552da841012282) Importer(815301076,1909f56bfc062723c751e8b465ee728b)  -> (artifact id: '3b5787e35849228f39ac8cfae98346bb') in 0.025005 seconds 
========================================================================
Received Import Request.
  Time since last request: 0.149558 seconds.
  path: Assets/Sprites/heart pixel art/heart pixel art 16x16.png
  artifactKey: Guid(6c5217b9a16d2de4d988793fed19a788) Importer(815301076,1909f56bfc062723c751e8b465ee728b)
Start importing Assets/Sprites/heart pixel art/heart pixel art 16x16.png using Guid(6c5217b9a16d2de4d988793fed19a788) Importer(815301076,1909f56bfc062723c751e8b465ee728b)  -> (artifact id: '0cd9aad3be12a92a8990432beddd42ff') in 0.099577 seconds 
========================================================================
Received Import Request.
  Time since last request: 0.000413 seconds.
  path: Assets/Sprites/heart pixel art/heart pixel art 32x32.png
  artifactKey: Guid(cf1caba2c8b49cb4f89d5b1a8c7fb40a) Importer(815301076,1909f56bfc062723c751e8b465ee728b)
Start importing Assets/Sprites/heart pixel art/heart pixel art 32x32.png using Guid(cf1caba2c8b49cb4f89d5b1a8c7fb40a) Importer(815301076,1909f56bfc062723c751e8b465ee728b)  -> (artifact id: 'ef18617ca9fc4f2f0dc5a364ebbf0cb8') in 0.028454 seconds 
========================================================================
Received Import Request.
  Time since last request: 0.000423 seconds.
  path: Assets/Sprites/heart pixel art/heart pixel art 48x48.png
  artifactKey: Guid(2ffea7e9423718c48bc1a5863b22c3dc) Importer(815301076,1909f56bfc062723c751e8b465ee728b)
Start importing Assets/Sprites/heart pixel art/heart pixel art 48x48.png using Guid(2ffea7e9423718c48bc1a5863b22c3dc) Importer(815301076,1909f56bfc062723c751e8b465ee728b)  -> (artifact id: '1e60bc6e4778daced834cc217c6c0ae2') in 0.030122 seconds 
========================================================================
Received Import Request.
  Time since last request: 0.000591 seconds.
  path: Assets/Sprites/heart pixel art/heart pixel art 254x254.png
  artifactKey: Guid(50736bb90616b004c9c9ca18e264ee6a) Importer(815301076,1909f56bfc062723c751e8b465ee728b)
Start importing Assets/Sprites/heart pixel art/heart pixel art 254x254.png using Guid(50736bb90616b004c9c9ca18e264ee6a) Importer(815301076,1909f56bfc062723c751e8b465ee728b)  -> (artifact id: '00873c5773d7110b04be11286be74913') in 0.036846 seconds 
========================================================================
Received Import Request.
  Time since last request: 0.000334 seconds.
  path: Assets/Sprites/heart pixel art/heart pixel art 64x64.png
  artifactKey: Guid(a899ce2f225c9c64e910a9286eeb83bc) Importer(815301076,1909f56bfc062723c751e8b465ee728b)
Start importing Assets/Sprites/heart pixel art/heart pixel art 64x64.png using Guid(a899ce2f225c9c64e910a9286eeb83bc) Importer(815301076,1909f56bfc062723c751e8b465ee728b)  -> (artifact id: '469f73bcf04c22c4847bbd5530f0b672') in 0.030615 seconds 
========================================================================
Received Prepare
Registering precompiled user dll's ...
Registered in 0.008953 seconds.
Begin MonoManager ReloadAssembly
Native extension for WindowsStandalone target not found
Native extension for WebGL target not found
Refreshing native plugins compatible for Editor in 1.11 ms, found 2 plugins.
Preloading 0 native plugins for Editor in 0.00 ms.
Mono: successfully reloaded assembly
- Completed reload, in  1.742 seconds
Platform modules already initialized, skipping
Refreshing native plugins compatible for Editor in 1.05 ms, found 2 plugins.
Preloading 0 native plugins for Editor in 0.00 ms.
Unloading 3856 Unused Serialized files (Serialized files now loaded: 0)
System memory in use before: 155.7 MB.
System memory in use after: 155.4 MB.

Unloading 25 unused Assets to reduce memory usage. Loaded Objects now: 4645.
Total: 4.529400 ms (FindLiveObjects: 0.436900 ms CreateObjectMapping: 0.191700 ms MarkObjects: 3.564400 ms  DeleteObjects: 0.334600 ms)

========================================================================
Received Prepare
Registering precompiled user dll's ...
Registered in 0.005095 seconds.
Begin MonoManager ReloadAssembly
Native extension for WindowsStandalone target not found
Native extension for WebGL target not found
Refreshing native plugins compatible for Editor in 2.49 ms, found 2 plugins.
Preloading 0 native plugins for Editor in 0.00 ms.
Mono: successfully reloaded assembly
- Completed reload, in  1.612 seconds
Platform modules already initialized, skipping
Refreshing native plugins compatible for Editor in 1.06 ms, found 2 plugins.
Preloading 0 native plugins for Editor in 0.00 ms.
Unloading 3851 Unused Serialized files (Serialized files now loaded: 0)
System memory in use before: 155.6 MB.
System memory in use after: 155.2 MB.

Unloading 25 unused Assets to reduce memory usage. Loaded Objects now: 4649.
Total: 4.841100 ms (FindLiveObjects: 0.457400 ms CreateObjectMapping: 0.246400 ms MarkObjects: 3.776900 ms  DeleteObjects: 0.359000 ms)

========================================================================
Received Import Request.
  Time since last request: 123.806989 seconds.
  path: Assets/Prefabs/UICanvas.prefab
  artifactKey: Guid(0dacb4a1939bda84b9244b0c654cb01f) Importer(815301076,1909f56bfc062723c751e8b465ee728b)
Start importing Assets/Prefabs/UICanvas.prefab using Guid(0dacb4a1939bda84b9244b0c654cb01f) Importer(815301076,1909f56bfc062723c751e8b465ee728b)  -> (artifact id: 'b00c7ab02a006220a095a9aed736c0b4') in 0.137102 seconds 
========================================================================
Received Import Request.
  Time since last request: 0.492826 seconds.
  path: Assets/Scenes/Level2.unity
  artifactKey: Guid(874d122303b40884996f99eb6d89c09c) Importer(815301076,1909f56bfc062723c751e8b465ee728b)
Start importing Assets/Scenes/Level2.unity using Guid(874d122303b40884996f99eb6d89c09c) Importer(815301076,1909f56bfc062723c751e8b465ee728b)  -> (artifact id: '9b87f4f0e7dc99ffecb6c2d6ef01150f') in 0.012538 seconds 
========================================================================
Received Import Request.
  Time since last request: 16.834551 seconds.
  path: Assets/Scenes/Level1.unity
  artifactKey: Guid(2cda990e2423bbf4892e6590ba056729) Importer(815301076,1909f56bfc062723c751e8b465ee728b)
Start importing Assets/Scenes/Level1.unity using Guid(2cda990e2423bbf4892e6590ba056729) Importer(815301076,1909f56bfc062723c751e8b465ee728b)  -> (artifact id: '7f2bc2ab2df74bfb9c02c41a1b0c1529') in 0.006100 seconds 
========================================================================
Received Prepare
Registering precompiled user dll's ...
Registered in 0.005752 seconds.
Begin MonoManager ReloadAssembly
Native extension for WindowsStandalone target not found
Native extension for WebGL target not found
Refreshing native plugins compatible for Editor in 1.06 ms, found 2 plugins.
Preloading 0 native plugins for Editor in 0.00 ms.
Mono: successfully reloaded assembly
- Completed reload, in  1.669 seconds
Platform modules already initialized, skipping
Refreshing native plugins compatible for Editor in 1.16 ms, found 2 plugins.
Preloading 0 native plugins for Editor in 0.00 ms.
Unloading 3851 Unused Serialized files (Serialized files now loaded: 0)
System memory in use before: 155.6 MB.
System memory in use after: 155.2 MB.

Unloading 25 unused Assets to reduce memory usage. Loaded Objects now: 4653.
Total: 5.166700 ms (FindLiveObjects: 0.555900 ms CreateObjectMapping: 0.222200 ms MarkObjects: 4.012100 ms  DeleteObjects: 0.374600 ms)

========================================================================
Received Prepare
Registering precompiled user dll's ...
Registered in 0.005842 seconds.
Begin MonoManager ReloadAssembly
Native extension for WindowsStandalone target not found
Native extension for WebGL target not found
Refreshing native plugins compatible for Editor in 1.22 ms, found 2 plugins.
Preloading 0 native plugins for Editor in 0.00 ms.
Mono: successfully reloaded assembly
- Completed reload, in  1.668 seconds
Platform modules already initialized, skipping
Refreshing native plugins compatible for Editor in 1.16 ms, found 2 plugins.
Preloading 0 native plugins for Editor in 0.00 ms.
Unloading 3851 Unused Serialized files (Serialized files now loaded: 0)
System memory in use before: 155.6 MB.
System memory in use after: 155.2 MB.

Unloading 25 unused Assets to reduce memory usage. Loaded Objects now: 4657.
Total: 4.852800 ms (FindLiveObjects: 0.479600 ms CreateObjectMapping: 0.280000 ms MarkObjects: 3.736500 ms  DeleteObjects: 0.355100 ms)

========================================================================
Received Prepare
Registering precompiled user dll's ...
Registered in 0.005846 seconds.
Begin MonoManager ReloadAssembly
Native extension for WindowsStandalone target not found
Native extension for WebGL target not found
Refreshing native plugins compatible for Editor in 1.23 ms, found 2 plugins.
Preloading 0 native plugins for Editor in 0.00 ms.
Mono: successfully reloaded assembly
- Completed reload, in  1.720 seconds
Platform modules already initialized, skipping
Refreshing native plugins compatible for Editor in 1.43 ms, found 2 plugins.
Preloading 0 native plugins for Editor in 0.00 ms.
Unloading 3851 Unused Serialized files (Serialized files now loaded: 0)
System memory in use before: 155.6 MB.
System memory in use after: 155.3 MB.

Unloading 25 unused Assets to reduce memory usage. Loaded Objects now: 4661.
Total: 8.561400 ms (FindLiveObjects: 0.791700 ms CreateObjectMapping: 0.279300 ms MarkObjects: 6.992000 ms  DeleteObjects: 0.496200 ms)

========================================================================
Received Prepare
Registering precompiled user dll's ...
Registered in 0.005602 seconds.
Begin MonoManager ReloadAssembly
Native extension for WindowsStandalone target not found
Native extension for WebGL target not found
Refreshing native plugins compatible for Editor in 0.97 ms, found 2 plugins.
Preloading 0 native plugins for Editor in 0.00 ms.
Mono: successfully reloaded assembly
- Completed reload, in  1.825 seconds
Platform modules already initialized, skipping
Refreshing native plugins compatible for Editor in 1.12 ms, found 2 plugins.
Preloading 0 native plugins for Editor in 0.00 ms.
Unloading 3851 Unused Serialized files (Serialized files now loaded: 0)
System memory in use before: 155.6 MB.
System memory in use after: 155.3 MB.

Unloading 25 unused Assets to reduce memory usage. Loaded Objects now: 4665.
Total: 4.520700 ms (FindLiveObjects: 0.462500 ms CreateObjectMapping: 0.223600 ms MarkObjects: 3.491900 ms  DeleteObjects: 0.341000 ms)

========================================================================
Received Prepare
Registering precompiled user dll's ...
Registered in 0.006413 seconds.
Begin MonoManager ReloadAssembly
Native extension for WindowsStandalone target not found
Native extension for WebGL target not found
Refreshing native plugins compatible for Editor in 1.08 ms, found 2 plugins.
Preloading 0 native plugins for Editor in 0.00 ms.
Mono: successfully reloaded assembly
- Completed reload, in  1.730 seconds
Platform modules already initialized, skipping
Refreshing native plugins compatible for Editor in 1.38 ms, found 2 plugins.
Preloading 0 native plugins for Editor in 0.00 ms.
Unloading 3851 Unused Serialized files (Serialized files now loaded: 0)
System memory in use before: 155.6 MB.
System memory in use after: 155.3 MB.

Unloading 25 unused Assets to reduce memory usage. Loaded Objects now: 4669.
Total: 4.637300 ms (FindLiveObjects: 0.426600 ms CreateObjectMapping: 0.195200 ms MarkObjects: 3.537600 ms  DeleteObjects: 0.476200 ms)

========================================================================
Received Prepare
Registering precompiled user dll's ...
Registered in 0.005481 seconds.
Begin MonoManager ReloadAssembly
Native extension for WindowsStandalone target not found
Native extension for WebGL target not found
Refreshing native plugins compatible for Editor in 2.11 ms, found 2 plugins.
Preloading 0 native plugins for Editor in 0.00 ms.
Mono: successfully reloaded assembly
- Completed reload, in  1.796 seconds
Platform modules already initialized, skipping
Refreshing native plugins compatible for Editor in 1.89 ms, found 2 plugins.
Preloading 0 native plugins for Editor in 0.00 ms.
Unloading 3851 Unused Serialized files (Serialized files now loaded: 0)
System memory in use before: 155.7 MB.
System memory in use after: 155.3 MB.

Unloading 25 unused Assets to reduce memory usage. Loaded Objects now: 4673.
Total: 5.133200 ms (FindLiveObjects: 0.420100 ms CreateObjectMapping: 0.195500 ms MarkObjects: 4.093800 ms  DeleteObjects: 0.422200 ms)

========================================================================
Received Import Request.
  Time since last request: 506.183471 seconds.
  path: Assets/Scenes/Level2.unity
  artifactKey: Guid(874d122303b40884996f99eb6d89c09c) Importer(815301076,1909f56bfc062723c751e8b465ee728b)
Start importing Assets/Scenes/Level2.unity using Guid(874d122303b40884996f99eb6d89c09c) Importer(815301076,1909f56bfc062723c751e8b465ee728b)  -> (artifact id: '6d54f7d10c819b7932fb916256ba5775') in 0.028692 seconds 
========================================================================
Received Prepare
Registering precompiled user dll's ...
Registered in 0.006471 seconds.
Begin MonoManager ReloadAssembly
Native extension for WindowsStandalone target not found
Native extension for WebGL target not found
Refreshing native plugins compatible for Editor in 2.00 ms, found 2 plugins.
Preloading 0 native plugins for Editor in 0.00 ms.
Mono: successfully reloaded assembly
- Completed reload, in  1.692 seconds
Platform modules already initialized, skipping
Refreshing native plugins compatible for Editor in 1.17 ms, found 2 plugins.
Preloading 0 native plugins for Editor in 0.00 ms.
Unloading 3851 Unused Serialized files (Serialized files now loaded: 0)
System memory in use before: 155.7 MB.
System memory in use after: 155.3 MB.

Unloading 25 unused Assets to reduce memory usage. Loaded Objects now: 4677.
Total: 4.733800 ms (FindLiveObjects: 0.470500 ms CreateObjectMapping: 0.229600 ms MarkObjects: 3.639700 ms  DeleteObjects: 0.392500 ms)

========================================================================
Received Import Request.
  Time since last request: 19.425588 seconds.
  path: Assets/Scenes/Level1.unity
  artifactKey: Guid(2cda990e2423bbf4892e6590ba056729) Importer(815301076,1909f56bfc062723c751e8b465ee728b)
Start importing Assets/Scenes/Level1.unity using Guid(2cda990e2423bbf4892e6590ba056729) Importer(815301076,1909f56bfc062723c751e8b465ee728b)  -> (artifact id: 'a581ad35826d8915018a146606530726') in 0.030298 seconds 
========================================================================
Received Prepare
Registering precompiled user dll's ...
Registered in 0.006914 seconds.
Begin MonoManager ReloadAssembly
Native extension for WindowsStandalone target not found
Native extension for WebGL target not found
Refreshing native plugins compatible for Editor in 1.23 ms, found 2 plugins.
Preloading 0 native plugins for Editor in 0.00 ms.
Mono: successfully reloaded assembly
- Completed reload, in  1.763 seconds
Platform modules already initialized, skipping
Refreshing native plugins compatible for Editor in 1.10 ms, found 2 plugins.
Preloading 0 native plugins for Editor in 0.00 ms.
Unloading 3851 Unused Serialized files (Serialized files now loaded: 0)
System memory in use before: 155.7 MB.
System memory in use after: 155.3 MB.

Unloading 25 unused Assets to reduce memory usage. Loaded Objects now: 4681.
Total: 4.916000 ms (FindLiveObjects: 0.441600 ms CreateObjectMapping: 0.222100 ms MarkObjects: 3.899200 ms  DeleteObjects: 0.350300 ms)

========================================================================
Received Prepare
Registering precompiled user dll's ...
Registered in 0.007080 seconds.
Begin MonoManager ReloadAssembly
Native extension for WindowsStandalone target not found
Native extension for WebGL target not found
Refreshing native plugins compatible for Editor in 1.12 ms, found 2 plugins.
Preloading 0 native plugins for Editor in 0.00 ms.
Mono: successfully reloaded assembly
- Completed reload, in  1.650 seconds
Platform modules already initialized, skipping
Refreshing native plugins compatible for Editor in 1.19 ms, found 2 plugins.
Preloading 0 native plugins for Editor in 0.00 ms.
Unloading 3851 Unused Serialized files (Serialized files now loaded: 0)
System memory in use before: 155.7 MB.
System memory in use after: 155.3 MB.

Unloading 25 unused Assets to reduce memory usage. Loaded Objects now: 4685.
Total: 4.739300 ms (FindLiveObjects: 0.518700 ms CreateObjectMapping: 0.232700 ms MarkObjects: 3.624800 ms  DeleteObjects: 0.360600 ms)

========================================================================
Received Prepare
Registering precompiled user dll's ...
Registered in 0.004968 seconds.
Begin MonoManager ReloadAssembly
Native extension for WindowsStandalone target not found
Native extension for WebGL target not found
Refreshing native plugins compatible for Editor in 1.84 ms, found 2 plugins.
Preloading 0 native plugins for Editor in 0.00 ms.
Mono: successfully reloaded assembly
- Completed reload, in  1.897 seconds
Platform modules already initialized, skipping
Refreshing native plugins compatible for Editor in 1.92 ms, found 2 plugins.
Preloading 0 native plugins for Editor in 0.00 ms.
Unloading 3851 Unused Serialized files (Serialized files now loaded: 0)
System memory in use before: 155.7 MB.
System memory in use after: 155.3 MB.

Unloading 25 unused Assets to reduce memory usage. Loaded Objects now: 4689.
Total: 4.837400 ms (FindLiveObjects: 0.446800 ms CreateObjectMapping: 0.194000 ms MarkObjects: 3.841600 ms  DeleteObjects: 0.353400 ms)

========================================================================
Received Prepare
Registering precompiled user dll's ...
Registered in 0.005477 seconds.
Begin MonoManager ReloadAssembly
Native extension for WindowsStandalone target not found
Native extension for WebGL target not found
Refreshing native plugins compatible for Editor in 1.15 ms, found 2 plugins.
Preloading 0 native plugins for Editor in 0.00 ms.
Mono: successfully reloaded assembly
- Completed reload, in  1.709 seconds
Platform modules already initialized, skipping
Refreshing native plugins compatible for Editor in 1.16 ms, found 2 plugins.
Preloading 0 native plugins for Editor in 0.00 ms.
Unloading 3851 Unused Serialized files (Serialized files now loaded: 0)
System memory in use before: 155.7 MB.
System memory in use after: 155.4 MB.

Unloading 25 unused Assets to reduce memory usage. Loaded Objects now: 4693.
Total: 5.025200 ms (FindLiveObjects: 0.607500 ms CreateObjectMapping: 0.283800 ms MarkObjects: 3.774800 ms  DeleteObjects: 0.357200 ms)

========================================================================
Received Prepare
Registering precompiled user dll's ...
Registered in 0.005630 seconds.
Begin MonoManager ReloadAssembly
Native extension for WindowsStandalone target not found
Native extension for WebGL target not found
Refreshing native plugins compatible for Editor in 1.02 ms, found 2 plugins.
Preloading 0 native plugins for Editor in 0.00 ms.
Mono: successfully reloaded assembly
- Completed reload, in  1.804 seconds
Platform modules already initialized, skipping
Refreshing native plugins compatible for Editor in 1.10 ms, found 2 plugins.
Preloading 0 native plugins for Editor in 0.00 ms.
Unloading 3851 Unused Serialized files (Serialized files now loaded: 0)
System memory in use before: 155.7 MB.
System memory in use after: 155.4 MB.

Unloading 25 unused Assets to reduce memory usage. Loaded Objects now: 4697.
Total: 4.600400 ms (FindLiveObjects: 0.463200 ms CreateObjectMapping: 0.223100 ms MarkObjects: 3.572300 ms  DeleteObjects: 0.340600 ms)

========================================================================
Received Prepare
Registering precompiled user dll's ...
Registered in 0.006161 seconds.
Begin MonoManager ReloadAssembly
Native extension for WindowsStandalone target not found
Native extension for WebGL target not found
Refreshing native plugins compatible for Editor in 1.07 ms, found 2 plugins.
Preloading 0 native plugins for Editor in 0.00 ms.
Mono: successfully reloaded assembly
- Completed reload, in  1.728 seconds
Platform modules already initialized, skipping
Refreshing native plugins compatible for Editor in 1.33 ms, found 2 plugins.
Preloading 0 native plugins for Editor in 0.00 ms.
Unloading 3851 Unused Serialized files (Serialized files now loaded: 0)
System memory in use before: 155.7 MB.
System memory in use after: 155.4 MB.

Unloading 25 unused Assets to reduce memory usage. Loaded Objects now: 4701.
Total: 5.347000 ms (FindLiveObjects: 0.464000 ms CreateObjectMapping: 0.191100 ms MarkObjects: 4.156900 ms  DeleteObjects: 0.532800 ms)

========================================================================
Received Prepare
Registering precompiled user dll's ...
Registered in 0.008554 seconds.
Begin MonoManager ReloadAssembly
Native extension for WindowsStandalone target not found
Native extension for WebGL target not found
Refreshing native plugins compatible for Editor in 1.13 ms, found 2 plugins.
Preloading 0 native plugins for Editor in 0.00 ms.
Mono: successfully reloaded assembly
- Completed reload, in  1.661 seconds
Platform modules already initialized, skipping
Refreshing native plugins compatible for Editor in 1.20 ms, found 2 plugins.
Preloading 0 native plugins for Editor in 0.00 ms.
Unloading 3851 Unused Serialized files (Serialized files now loaded: 0)
System memory in use before: 155.8 MB.
System memory in use after: 155.4 MB.

Unloading 25 unused Assets to reduce memory usage. Loaded Objects now: 4705.
Total: 4.867900 ms (FindLiveObjects: 0.454700 ms CreateObjectMapping: 0.192900 ms MarkObjects: 3.878500 ms  DeleteObjects: 0.340100 ms)

AssetImportWorkerClient::OnTransportError - code=2 error=End of file
